
> grass-merkur-pitch@0.1.0 dev
> set NEXT_WEBPACK_HMR_SOCKET_HOST=localhost&& set NEXT_WEBPACK_HMR_SOCKET_PORT=3000&& set NEXT_WEBPACK_HMR_SOCKET_PROTOCOL=ws&& node ./node_modules/next/dist/bin/next dev

▲ Next.js 16.1.6 (Turbopack)
- Local:         http://localhost:3000
- Network:       http://192.168.160.1:3000

✓ Starting...
✓ Ready in 1060ms
 GET / 200 in 1691ms (compile: 1402ms, render: 289ms)
✓ Compiled in 355ms
✓ Compiled in 87ms
 GET / 200 in 242ms (compile: 65ms, render: 177ms)
✓ Compiled in 52ms
 GET / 200 in 251ms (compile: 67ms, render: 184ms)
✓ Compiled in 47ms
 GET / 200 in 268ms (compile: 64ms, render: 203ms)
✓ Compiled in 41ms
 GET / 200 in 301ms (compile: 94ms, render: 208ms)
✓ Compiled in 47ms
 GET / 200 in 295ms (compile: 83ms, render: 211ms)
✓ Compiled in 90ms
 GET / 200 in 234ms (compile: 51ms, render: 183ms)
✓ Compiled in 68ms
 GET / 200 in 239ms (compile: 75ms, render: 164ms)
✓ Compiled in 59ms
 GET / 200 in 224ms (compile: 53ms, render: 171ms)
✓ Compiled in 57ms
 GET / 200 in 210ms (compile: 44ms, render: 166ms)
✓ Compiled in 50ms
 GET / 200 in 274ms (compile: 67ms, render: 207ms)
✓ Compiled in 57ms
✓ Compiled in 48ms
 GET / 200 in 399ms (compile: 99ms, render: 300ms)
✓ Compiled in 44ms
✓ Compiled in 36ms
✓ Compiled in 35ms
✓ Compiled in 37ms
✓ Compiled in 40ms
✓ Compiled in 77ms
✓ Compiled in 42ms
✓ Compiled in 56ms
✓ Compiled in 39ms
✓ Compiled in 198ms
✓ Compiled in 100ms
✓ Compiled in 81ms
✓ Compiled in 109ms
✓ Compiled in 89ms
 GET / 200 in 589ms (compile: 147ms, render: 442ms)
 GET / 200 in 127ms (compile: 7ms, render: 120ms)
 GET / 200 in 106ms (compile: 4ms, render: 103ms)
✓ Compiled in 169ms
✓ Compiled in 53ms
✓ Compiled in 75ms
✓ Compiled in 45ms
 GET / 200 in 290ms (compile: 84ms, render: 205ms)
✓ Compiled in 63ms
✓ Compiled in 60ms
✓ Compiled in 42ms
✓ Compiled in 51ms
✓ Compiled in 65ms
✓ Compiled in 79ms
✓ Compiled in 68ms
✓ Compiled in 63ms
✓ Compiled in 269ms
✓ Compiled in 168ms
✓ Compiled in 459ms
 GET / 200 in 962ms (compile: 279ms, render: 683ms)
✓ Compiled in 267ms
✓ Compiled in 292ms
✓ Compiled in 364ms
✓ Compiled in 327ms
✓ Compiled in 402ms
✓ Compiled in 304ms
 GET / 200 in 890ms (compile: 266ms, render: 624ms)
✓ Compiled in 429ms
 GET / 200 in 1087ms (compile: 248ms, render: 838ms)
