тип ./src/components/sections/ModellSection.tsx:5:27
Module not found: Can't resolve 'gsap/draggable'
[0m [90m 3 |[39m [36mimport[39m { useEffect[33m,[39m useRef } [36mfrom[39m [32m"react"[39m[33m;[39m
 [90m 4 |[39m [36mimport[39m { useGSAP } [36mfrom[39m [32m"@gsap/react"[39m[33m;[39m
[31m[1m>[22m[39m[90m 5 |[39m [36mimport[39m { gsap } [36mfrom[39m [32m"gsap"[39m[33m;[39m
 [90m   |[39m                           [31m[1m^[22m[39m[31m[1m^[22m[39m
[31m[1m>[22m[39m[90m 6 |[39m [36mimport[39m [33mDraggable[39m [36mfrom[39m [32m"gsap/draggable"[39m[33m;[39m
 [90m   |[39m [31m[1m^[22m[39m[31m[1m^[22m[39m[31m[1m^[22m[39m[31m[1m^[22m[39m[31m[1m^[22m[39m[31m[1m^[22m[39m[31m[1m^[22m[39m[31m[1m^[22m[39m[31m[1m^[22m[39m[31m[1m^[22m[39m[31m[1m^[22m[39m[31m[1m^[22m[39m[31m[1m^[22m[39m[31m[1m^[22m[39m[31m[1m^[22m[39m[31m[1m^[22m[39m[31m[1m^[22m[39m[31m[1m^[22m[39m[31m[1m^[22m[39m[31m[1m^[22m[39m[31m[1m^[22m[39m[31m[1m^[22m[39m[31m[1m^[22m[39m[31m[1m^[22m[39m[31m[1m^[22m[39m[31m[1m^[22m[39m[31m[1m^[22m[39m[31m[1m^[22m[39m[31m[1m^[22m[39m[31m[1m^[22m[39m[31m[1m^[22m[39m[31m[1m^[22m[39m[31m[1m^[22m[39m[31m[1m^[22m[39m[31m[1m^[22m[39m[31m[1m^[22m[39m[31m[1m^[22m[39m
 [90m 7 |[39m [36mimport[39m { [33mScrollTrigger[39m } [36mfrom[39m [32m"gsap/ScrollTrigger"[39m[33m;[39m
 [90m 8 |[39m [36mimport[39m [33mSplitText[39m [36mfrom[39m [32m"@/components/typography/SplitText"[39m[33m;[39m
 [90m 9 |[39m [36mimport[39m { useSplitScale } [36mfrom[39m [32m"@/components/typography/useSplitScale"[39m[33m;[39m[0m



Import trace:
  Server Component:
    ./src/components/sections/ModellSection.tsx
    ./src/app/page.tsx

https://nextjs.org/docs/messages/module-not-found


тип ./src/components/sections/ModellSection.tsx:5:27
Module not found: Can't resolve 'gsap/draggable'
[0m [90m 3 |[39m [36mimport[39m { useEffect[33m,[39m useRef } [36mfrom[39m [32m"react"[39m[33m;[39m
 [90m 4 |[39m [36mimport[39m { useGSAP } [36mfrom[39m [32m"@gsap/react"[39m[33m;[39m
[31m[1m>[22m[39m[90m 5 |[39m [36mimport[39m { gsap } [36mfrom[39m [32m"gsap"[39m[33m;[39m
 [90m   |[39m                           [31m[1m^[22m[39m[31m[1m^[22m[39m
[31m[1m>[22m[39m[90m 6 |[39m [36mimport[39m [33mDraggable[39m [36mfrom[39m [32m"gsap/draggable"[39m[33m;[39m
 [90m   |[39m [31m[1m^[22m[39m[31m[1m^[22m[39m[31m[1m^[22m[39m[31m[1m^[22m[39m[31m[1m^[22m[39m[31m[1m^[22m[39m[31m[1m^[22m[39m[31m[1m^[22m[39m[31m[1m^[22m[39m[31m[1m^[22m[39m[31m[1m^[22m[39m[31m[1m^[22m[39m[31m[1m^[22m[39m[31m[1m^[22m[39m[31m[1m^[22m[39m[31m[1m^[22m[39m[31m[1m^[22m[39m[31m[1m^[22m[39m[31m[1m^[22m[39m[31m[1m^[22m[39m[31m[1m^[22m[39m[31m[1m^[22m[39m[31m[1m^[22m[39m[31m[1m^[22m[39m[31m[1m^[22m[39m[31m[1m^[22m[39m[31m[1m^[22m[39m[31m[1m^[22m[39m[31m[1m^[22m[39m[31m[1m^[22m[39m[31m[1m^[22m[39m[31m[1m^[22m[39m[31m[1m^[22m[39m[31m[1m^[22m[39m[31m[1m^[22m[39m[31m[1m^[22m[39m[31m[1m^[22m[39m
 [90m 7 |[39m [36mimport[39m { [33mScrollTrigger[39m } [36mfrom[39m [32m"gsap/ScrollTrigger"[39m[33m;[39m
 [90m 8 |[39m [36mimport[39m [33mSplitText[39m [36mfrom[39m [32m"@/components/typography/SplitText"[39m[33m;[39m
 [90m 9 |[39m [36mimport[39m { useSplitScale } [36mfrom[39m [32m"@/components/typography/useSplitScale"[39m[33m;[39m[0m



Import trace:
  Server Component:
    ./src/components/sections/ModellSection.tsx
    ./src/app/page.tsx

https://nextjs.org/docs/messages/module-not-found


тип ./src/components/sections/ModellSection.tsx:5:27
Module not found: Can't resolve 'gsap/draggable'
[0m [90m 3 |[39m [36mimport[39m { useEffect[33m,[39m useRef } [36mfrom[39m [32m"react"[39m[33m;[39m
 [90m 4 |[39m [36mimport[39m { useGSAP } [36mfrom[39m [32m"@gsap/react"[39m[33m;[39m
[31m[1m>[22m[39m[90m 5 |[39m [36mimport[39m { gsap } [36mfrom[39m [32m"gsap"[39m[33m;[39m
 [90m   |[39m                           [31m[1m^[22m[39m[31m[1m^[22m[39m
[31m[1m>[22m[39m[90m 6 |[39m [36mimport[39m [33mDraggable[39m [36mfrom[39m [32m"gsap/draggable"[39m[33m;[39m
 [90m   |[39m [31m[1m^[22m[39m[31m[1m^[22m[39m[31m[1m^[22m[39m[31m[1m^[22m[39m[31m[1m^[22m[39m[31m[1m^[22m[39m[31m[1m^[22m[39m[31m[1m^[22m[39m[31m[1m^[22m[39m[31m[1m^[22m[39m[31m[1m^[22m[39m[31m[1m^[22m[39m[31m[1m^[22m[39m[31m[1m^[22m[39m[31m[1m^[22m[39m[31m[1m^[22m[39m[31m[1m^[22m[39m[31m[1m^[22m[39m[31m[1m^[22m[39m[31m[1m^[22m[39m[31m[1m^[22m[39m[31m[1m^[22m[39m[31m[1m^[22m[39m[31m[1m^[22m[39m[31m[1m^[22m[39m[31m[1m^[22m[39m[31m[1m^[22m[39m[31m[1m^[22m[39m[31m[1m^[22m[39m[31m[1m^[22m[39m[31m[1m^[22m[39m[31m[1m^[22m[39m[31m[1m^[22m[39m[31m[1m^[22m[39m[31m[1m^[22m[39m[31m[1m^[22m[39m[31m[1m^[22m[39m
 [90m 7 |[39m [36mimport[39m { [33mScrollTrigger[39m } [36mfrom[39m [32m"gsap/ScrollTrigger"[39m[33m;[39m
 [90m 8 |[39m [36mimport[39m [33mSplitText[39m [36mfrom[39m [32m"@/components/typography/SplitText"[39m[33m;[39m
 [90m 9 |[39m [36mimport[39m { useSplitScale } [36mfrom[39m [32m"@/components/typography/useSplitScale"[39m[33m;[39m[0m



Import trace:
  Server Component:
    ./src/components/sections/ModellSection.tsx
    ./src/app/page.tsx

https://nextjs.org/docs/messages/module-not-found


тип ./src/components/sections/ModellSection.tsx:5:27
Module not found: Can't resolve 'gsap/draggable'
[0m [90m 3 |[39m [36mimport[39m { useEffect[33m,[39m useRef } [36mfrom[39m [32m"react"[39m[33m;[39m
 [90m 4 |[39m [36mimport[39m { useGSAP } [36mfrom[39m [32m"@gsap/react"[39m[33m;[39m
[31m[1m>[22m[39m[90m 5 |[39m [36mimport[39m { gsap } [36mfrom[39m [32m"gsap"[39m[33m;[39m
 [90m   |[39m                           [31m[1m^[22m[39m[31m[1m^[22m[39m
[31m[1m>[22m[39m[90m 6 |[39m [36mimport[39m [33mDraggable[39m [36mfrom[39m [32m"gsap/draggable"[39m[33m;[39m
 [90m   |[39m [31m[1m^[22m[39m[31m[1m^[22m[39m[31m[1m^[22m[39m[31m[1m^[22m[39m[31m[1m^[22m[39m[31m[1m^[22m[39m[31m[1m^[22m[39m[31m[1m^[22m[39m[31m[1m^[22m[39m[31m[1m^[22m[39m[31m[1m^[22m[39m[31m[1m^[22m[39m[31m[1m^[22m[39m[31m[1m^[22m[39m[31m[1m^[22m[39m[31m[1m^[22m[39m[31m[1m^[22m[39m[31m[1m^[22m[39m[31m[1m^[22m[39m[31m[1m^[22m[39m[31m[1m^[22m[39m[31m[1m^[22m[39m[31m[1m^[22m[39m[31m[1m^[22m[39m[31m[1m^[22m[39m[31m[1m^[22m[39m[31m[1m^[22m[39m[31m[1m^[22m[39m[31m[1m^[22m[39m[31m[1m^[22m[39m[31m[1m^[22m[39m[31m[1m^[22m[39m[31m[1m^[22m[39m[31m[1m^[22m[39m[31m[1m^[22m[39m[31m[1m^[22m[39m[31m[1m^[22m[39m
 [90m 7 |[39m [36mimport[39m { [33mScrollTrigger[39m } [36mfrom[39m [32m"gsap/ScrollTrigger"[39m[33m;[39m
 [90m 8 |[39m [36mimport[39m [33mSplitText[39m [36mfrom[39m [32m"@/components/typography/SplitText"[39m[33m;[39m
 [90m 9 |[39m [36mimport[39m { useSplitScale } [36mfrom[39m [32m"@/components/typography/useSplitScale"[39m[33m;[39m[0m



Import trace:
  Server Component:
    ./src/components/sections/ModellSection.tsx
    ./src/app/page.tsx

https://nextjs.org/docs/messages/module-not-found


тип ./src/components/sections/ModellSection.tsx:5:27
Module not found: Can't resolve 'gsap/draggable'
[0m [90m 3 |[39m [36mimport[39m { useEffect[33m,[39m useRef } [36mfrom[39m [32m"react"[39m[33m;[39m
 [90m 4 |[39m [36mimport[39m { useGSAP } [36mfrom[39m [32m"@gsap/react"[39m[33m;[39m
[31m[1m>[22m[39m[90m 5 |[39m [36mimport[39m { gsap } [36mfrom[39m [32m"gsap"[39m[33m;[39m
 [90m   |[39m                           [31m[1m^[22m[39m[31m[1m^[22m[39m
[31m[1m>[22m[39m[90m 6 |[39m [36mimport[39m [33mDraggable[39m [36mfrom[39m [32m"gsap/draggable"[39m[33m;[39m
 [90m   |[39m [31m[1m^[22m[39m[31m[1m^[22m[39m[31m[1m^[22m[39m[31m[1m^[22m[39m[31m[1m^[22m[39m[31m[1m^[22m[39m[31m[1m^[22m[39m[31m[1m^[22m[39m[31m[1m^[22m[39m[31m[1m^[22m[39m[31m[1m^[22m[39m[31m[1m^[22m[39m[31m[1m^[22m[39m[31m[1m^[22m[39m[31m[1m^[22m[39m[31m[1m^[22m[39m[31m[1m^[22m[39m[31m[1m^[22m[39m[31m[1m^[22m[39m[31m[1m^[22m[39m[31m[1m^[22m[39m[31m[1m^[22m[39m[31m[1m^[22m[39m[31m[1m^[22m[39m[31m[1m^[22m[39m[31m[1m^[22m[39m[31m[1m^[22m[39m[31m[1m^[22m[39m[31m[1m^[22m[39m[31m[1m^[22m[39m[31m[1m^[22m[39m[31m[1m^[22m[39m[31m[1m^[22m[39m[31m[1m^[22m[39m[31m[1m^[22m[39m[31m[1m^[22m[39m[31m[1m^[22m[39m
 [90m 7 |[39m [36mimport[39m { [33mScrollTrigger[39m } [36mfrom[39m [32m"gsap/ScrollTrigger"[39m[33m;[39m
 [90m 8 |[39m [36mimport[39m [33mSplitText[39m [36mfrom[39m [32m"@/components/typography/SplitText"[39m[33m;[39m
 [90m 9 |[39m [36mimport[39m { useSplitScale } [36mfrom[39m [32m"@/components/typography/useSplitScale"[39m[33m;[39m[0m



Import trace:
  Server Component:
    ./src/components/sections/ModellSection.tsx
    ./src/app/page.tsx

https://nextjs.org/docs/messages/module-not-found


тип ./src/components/sections/ModellSection.tsx:5:27
Module not found: Can't resolve 'gsap/draggable'
[0m [90m 3 |[39m [36mimport[39m { useEffect[33m,[39m useRef } [36mfrom[39m [32m"react"[39m[33m;[39m
 [90m 4 |[39m [36mimport[39m { useGSAP } [36mfrom[39m [32m"@gsap/react"[39m[33m;[39m
[31m[1m>[22m[39m[90m 5 |[39m [36mimport[39m { gsap } [36mfrom[39m [32m"gsap"[39m[33m;[39m
 [90m   |[39m                           [31m[1m^[22m[39m[31m[1m^[22m[39m
[31m[1m>[22m[39m[90m 6 |[39m [36mimport[39m [33mDraggable[39m [36mfrom[39m [32m"gsap/draggable"[39m[33m;[39m
 [90m   |[39m [31m[1m^[22m[39m[31m[1m^[22m[39m[31m[1m^[22m[39m[31m[1m^[22m[39m[31m[1m^[22m[39m[31m[1m^[22m[39m[31m[1m^[22m[39m[31m[1m^[22m[39m[31m[1m^[22m[39m[31m[1m^[22m[39m[31m[1m^[22m[39m[31m[1m^[22m[39m[31m[1m^[22m[39m[31m[1m^[22m[39m[31m[1m^[22m[39m[31m[1m^[22m[39m[31m[1m^[22m[39m[31m[1m^[22m[39m[31m[1m^[22m[39m[31m[1m^[22m[39m[31m[1m^[22m[39m[31m[1m^[22m[39m[31m[1m^[22m[39m[31m[1m^[22m[39m[31m[1m^[22m[39m[31m[1m^[22m[39m[31m[1m^[22m[39m[31m[1m^[22m[39m[31m[1m^[22m[39m[31m[1m^[22m[39m[31m[1m^[22m[39m[31m[1m^[22m[39m[31m[1m^[22m[39m[31m[1m^[22m[39m[31m[1m^[22m[39m[31m[1m^[22m[39m[31m[1m^[22m[39m
 [90m 7 |[39m [36mimport[39m { [33mScrollTrigger[39m } [36mfrom[39m [32m"gsap/ScrollTrigger"[39m[33m;[39m
 [90m 8 |[39m [36mimport[39m [33mSplitText[39m [36mfrom[39m [32m"@/components/typography/SplitText"[39m[33m;[39m
 [90m 9 |[39m [36mimport[39m { useSplitScale } [36mfrom[39m [32m"@/components/typography/useSplitScale"[39m[33m;[39m[0m



Import trace:
  Server Component:
    ./src/components/sections/ModellSection.tsx
    ./src/app/page.tsx

https://nextjs.org/docs/messages/module-not-found


тип ./src/components/sections/ModellSection.tsx:5:27
Module not found: Can't resolve 'gsap/draggable'
[0m [90m 3 |[39m [36mimport[39m { useEffect[33m,[39m useRef } [36mfrom[39m [32m"react"[39m[33m;[39m
 [90m 4 |[39m [36mimport[39m { useGSAP } [36mfrom[39m [32m"@gsap/react"[39m[33m;[39m
[31m[1m>[22m[39m[90m 5 |[39m [36mimport[39m { gsap } [36mfrom[39m [32m"gsap"[39m[33m;[39m
 [90m   |[39m                           [31m[1m^[22m[39m[31m[1m^[22m[39m
[31m[1m>[22m[39m[90m 6 |[39m [36mimport[39m [33mDraggable[39m [36mfrom[39m [32m"gsap/draggable"[39m[33m;[39m
 [90m   |[39m [31m[1m^[22m[39m[31m[1m^[22m[39m[31m[1m^[22m[39m[31m[1m^[22m[39m[31m[1m^[22m[39m[31m[1m^[22m[39m[31m[1m^[22m[39m[31m[1m^[22m[39m[31m[1m^[22m[39m[31m[1m^[22m[39m[31m[1m^[22m[39m[31m[1m^[22m[39m[31m[1m^[22m[39m[31m[1m^[22m[39m[31m[1m^[22m[39m[31m[1m^[22m[39m[31m[1m^[22m[39m[31m[1m^[22m[39m[31m[1m^[22m[39m[31m[1m^[22m[39m[31m[1m^[22m[39m[31m[1m^[22m[39m[31m[1m^[22m[39m[31m[1m^[22m[39m[31m[1m^[22m[39m[31m[1m^[22m[39m[31m[1m^[22m[39m[31m[1m^[22m[39m[31m[1m^[22m[39m[31m[1m^[22m[39m[31m[1m^[22m[39m[31m[1m^[22m[39m[31m[1m^[22m[39m[31m[1m^[22m[39m[31m[1m^[22m[39m[31m[1m^[22m[39m[31m[1m^[22m[39m
 [90m 7 |[39m [36mimport[39m { [33mScrollTrigger[39m } [36mfrom[39m [32m"gsap/ScrollTrigger"[39m[33m;[39m
 [90m 8 |[39m [36mimport[39m [33mSplitText[39m [36mfrom[39m [32m"@/components/typography/SplitText"[39m[33m;[39m
 [90m 9 |[39m [36mimport[39m { useSplitScale } [36mfrom[39m [32m"@/components/typography/useSplitScale"[39m[33m;[39m[0m



Import trace:
  Server Component:
    ./src/components/sections/ModellSection.tsx
    ./src/app/page.tsx

https://nextjs.org/docs/messages/module-not-found


тип ./src/components/sections/ModellSection.tsx:5:27
Module not found: Can't resolve 'gsap/draggable'
[0m [90m 3 |[39m [36mimport[39m { useEffect[33m,[39m useRef } [36mfrom[39m [32m"react"[39m[33m;[39m
 [90m 4 |[39m [36mimport[39m { useGSAP } [36mfrom[39m [32m"@gsap/react"[39m[33m;[39m
[31m[1m>[22m[39m[90m 5 |[39m [36mimport[39m { gsap } [36mfrom[39m [32m"gsap"[39m[33m;[39m
 [90m   |[39m                           [31m[1m^[22m[39m[31m[1m^[22m[39m
[31m[1m>[22m[39m[90m 6 |[39m [36mimport[39m [33mDraggable[39m [36mfrom[39m [32m"gsap/draggable"[39m[33m;[39m
 [90m   |[39m [31m[1m^[22m[39m[31m[1m^[22m[39m[31m[1m^[22m[39m[31m[1m^[22m[39m[31m[1m^[22m[39m[31m[1m^[22m[39m[31m[1m^[22m[39m[31m[1m^[22m[39m[31m[1m^[22m[39m[31m[1m^[22m[39m[31m[1m^[22m[39m[31m[1m^[22m[39m[31m[1m^[22m[39m[31m[1m^[22m[39m[31m[1m^[22m[39m[31m[1m^[22m[39m[31m[1m^[22m[39m[31m[1m^[22m[39m[31m[1m^[22m[39m[31m[1m^[22m[39m[31m[1m^[22m[39m[31m[1m^[22m[39m[31m[1m^[22m[39m[31m[1m^[22m[39m[31m[1m^[22m[39m[31m[1m^[22m[39m[31m[1m^[22m[39m[31m[1m^[22m[39m[31m[1m^[22m[39m[31m[1m^[22m[39m[31m[1m^[22m[39m[31m[1m^[22m[39m[31m[1m^[22m[39m[31m[1m^[22m[39m[31m[1m^[22m[39m[31m[1m^[22m[39m[31m[1m^[22m[39m
 [90m 7 |[39m [36mimport[39m { [33mScrollTrigger[39m } [36mfrom[39m [32m"gsap/ScrollTrigger"[39m[33m;[39m
 [90m 8 |[39m [36mimport[39m [33mSplitText[39m [36mfrom[39m [32m"@/components/typography/SplitText"[39m[33m;[39m
 [90m 9 |[39m [36mimport[39m { useSplitScale } [36mfrom[39m [32m"@/components/typography/useSplitScale"[39m[33m;[39m[0m



Import trace:
  Server Component:
    ./src/components/sections/ModellSection.tsx
    ./src/app/page.tsx

https://nextjs.org/docs/messages/module-not-found


тип ./src/components/sections/ModellSection.tsx:5:27
Module not found: Can't resolve 'gsap/draggable'
[0m [90m 3 |[39m [36mimport[39m { useEffect[33m,[39m useRef } [36mfrom[39m [32m"react"[39m[33m;[39m
 [90m 4 |[39m [36mimport[39m { useGSAP } [36mfrom[39m [32m"@gsap/react"[39m[33m;[39m
[31m[1m>[22m[39m[90m 5 |[39m [36mimport[39m { gsap } [36mfrom[39m [32m"gsap"[39m[33m;[39m
 [90m   |[39m                           [31m[1m^[22m[39m[31m[1m^[22m[39m
[31m[1m>[22m[39m[90m 6 |[39m [36mimport[39m [33mDraggable[39m [36mfrom[39m [32m"gsap/draggable"[39m[33m;[39m
 [90m   |[39m [31m[1m^[22m[39m[31m[1m^[22m[39m[31m[1m^[22m[39m[31m[1m^[22m[39m[31m[1m^[22m[39m[31m[1m^[22m[39m[31m[1m^[22m[39m[31m[1m^[22m[39m[31m[1m^[22m[39m[31m[1m^[22m[39m[31m[1m^[22m[39m[31m[1m^[22m[39m[31m[1m^[22m[39m[31m[1m^[22m[39m[31m[1m^[22m[39m[31m[1m^[22m[39m[31m[1m^[22m[39m[31m[1m^[22m[39m[31m[1m^[22m[39m[31m[1m^[22m[39m[31m[1m^[22m[39m[31m[1m^[22m[39m[31m[1m^[22m[39m[31m[1m^[22m[39m[31m[1m^[22m[39m[31m[1m^[22m[39m[31m[1m^[22m[39m[31m[1m^[22m[39m[31m[1m^[22m[39m[31m[1m^[22m[39m[31m[1m^[22m[39m[31m[1m^[22m[39m[31m[1m^[22m[39m[31m[1m^[22m[39m[31m[1m^[22m[39m[31m[1m^[22m[39m[31m[1m^[22m[39m
 [90m 7 |[39m [36mimport[39m { [33mScrollTrigger[39m } [36mfrom[39m [32m"gsap/ScrollTrigger"[39m[33m;[39m
 [90m 8 |[39m [36mimport[39m [33mSplitText[39m [36mfrom[39m [32m"@/components/typography/SplitText"[39m[33m;[39m
 [90m 9 |[39m [36mimport[39m { useSplitScale } [36mfrom[39m [32m"@/components/typography/useSplitScale"[39m[33m;[39m[0m



Import trace:
  Server Component:
    ./src/components/sections/ModellSection.tsx
    ./src/app/page.tsx

https://nextjs.org/docs/messages/module-not-found


тип ./src/components/sections/ModellSection.tsx:5:27
Module not found: Can't resolve 'gsap/draggable'
[0m [90m 3 |[39m [36mimport[39m { useEffect[33m,[39m useRef } [36mfrom[39m [32m"react"[39m[33m;[39m
 [90m 4 |[39m [36mimport[39m { useGSAP } [36mfrom[39m [32m"@gsap/react"[39m[33m;[39m
[31m[1m>[22m[39m[90m 5 |[39m [36mimport[39m { gsap } [36mfrom[39m [32m"gsap"[39m[33m;[39m
 [90m   |[39m                           [31m[1m^[22m[39m[31m[1m^[22m[39m
[31m[1m>[22m[39m[90m 6 |[39m [36mimport[39m [33mDraggable[39m [36mfrom[39m [32m"gsap/draggable"[39m[33m;[39m
 [90m   |[39m [31m[1m^[22m[39m[31m[1m^[22m[39m[31m[1m^[22m[39m[31m[1m^[22m[39m[31m[1m^[22m[39m[31m[1m^[22m[39m[31m[1m^[22m[39m[31m[1m^[22m[39m[31m[1m^[22m[39m[31m[1m^[22m[39m[31m[1m^[22m[39m[31m[1m^[22m[39m[31m[1m^[22m[39m[31m[1m^[22m[39m[31m[1m^[22m[39m[31m[1m^[22m[39m[31m[1m^[22m[39m[31m[1m^[22m[39m[31m[1m^[22m[39m[31m[1m^[22m[39m[31m[1m^[22m[39m[31m[1m^[22m[39m[31m[1m^[22m[39m[31m[1m^[22m[39m[31m[1m^[22m[39m[31m[1m^[22m[39m[31m[1m^[22m[39m[31m[1m^[22m[39m[31m[1m^[22m[39m[31m[1m^[22m[39m[31m[1m^[22m[39m[31m[1m^[22m[39m[31m[1m^[22m[39m[31m[1m^[22m[39m[31m[1m^[22m[39m[31m[1m^[22m[39m[31m[1m^[22m[39m
 [90m 7 |[39m [36mimport[39m { [33mScrollTrigger[39m } [36mfrom[39m [32m"gsap/ScrollTrigger"[39m[33m;[39m
 [90m 8 |[39m [36mimport[39m [33mSplitText[39m [36mfrom[39m [32m"@/components/typography/SplitText"[39m[33m;[39m
 [90m 9 |[39m [36mimport[39m { useSplitScale } [36mfrom[39m [32m"@/components/typography/useSplitScale"[39m[33m;[39m[0m



Import trace:
  Server Component:
    ./src/components/sections/ModellSection.tsx
    ./src/app/page.tsx

https://nextjs.org/docs/messages/module-not-found


тип ./src/components/sections/ModellSection.tsx:5:27
Module not found: Can't resolve 'gsap/draggable'
[0m [90m 3 |[39m [36mimport[39m { useEffect[33m,[39m useRef } [36mfrom[39m [32m"react"[39m[33m;[39m
 [90m 4 |[39m [36mimport[39m { useGSAP } [36mfrom[39m [32m"@gsap/react"[39m[33m;[39m
[31m[1m>[22m[39m[90m 5 |[39m [36mimport[39m { gsap } [36mfrom[39m [32m"gsap"[39m[33m;[39m
 [90m   |[39m                           [31m[1m^[22m[39m[31m[1m^[22m[39m
[31m[1m>[22m[39m[90m 6 |[39m [36mimport[39m [33mDraggable[39m [36mfrom[39m [32m"gsap/draggable"[39m[33m;[39m
 [90m   |[39m [31m[1m^[22m[39m[31m[1m^[22m[39m[31m[1m^[22m[39m[31m[1m^[22m[39m[31m[1m^[22m[39m[31m[1m^[22m[39m[31m[1m^[22m[39m[31m[1m^[22m[39m[31m[1m^[22m[39m[31m[1m^[22m[39m[31m[1m^[22m[39m[31m[1m^[22m[39m[31m[1m^[22m[39m[31m[1m^[22m[39m[31m[1m^[22m[39m[31m[1m^[22m[39m[31m[1m^[22m[39m[31m[1m^[22m[39m[31m[1m^[22m[39m[31m[1m^[22m[39m[31m[1m^[22m[39m[31m[1m^[22m[39m[31m[1m^[22m[39m[31m[1m^[22m[39m[31m[1m^[22m[39m[31m[1m^[22m[39m[31m[1m^[22m[39m[31m[1m^[22m[39m[31m[1m^[22m[39m[31m[1m^[22m[39m[31m[1m^[22m[39m[31m[1m^[22m[39m[31m[1m^[22m[39m[31m[1m^[22m[39m[31m[1m^[22m[39m[31m[1m^[22m[39m[31m[1m^[22m[39m
 [90m 7 |[39m [36mimport[39m { [33mScrollTrigger[39m } [36mfrom[39m [32m"gsap/ScrollTrigger"[39m[33m;[39m
 [90m 8 |[39m [36mimport[39m [33mSplitText[39m [36mfrom[39m [32m"@/components/typography/SplitText"[39m[33m;[39m
 [90m 9 |[39m [36mimport[39m { useSplitScale } [36mfrom[39m [32m"@/components/typography/useSplitScale"[39m[33m;[39m[0m



Import trace:
  Server Component:
    ./src/components/sections/ModellSection.tsx
    ./src/app/page.tsx

https://nextjs.org/docs/messages/module-not-found


тип ./src/components/sections/ModellSection.tsx:5:27
Module not found: Can't resolve 'gsap/draggable'
[0m [90m 3 |[39m [36mimport[39m { useEffect[33m,[39m useRef } [36mfrom[39m [32m"react"[39m[33m;[39m
 [90m 4 |[39m [36mimport[39m { useGSAP } [36mfrom[39m [32m"@gsap/react"[39m[33m;[39m
[31m[1m>[22m[39m[90m 5 |[39m [36mimport[39m { gsap } [36mfrom[39m [32m"gsap"[39m[33m;[39m
 [90m   |[39m                           [31m[1m^[22m[39m[31m[1m^[22m[39m
[31m[1m>[22m[39m[90m 6 |[39m [36mimport[39m [33mDraggable[39m [36mfrom[39m [32m"gsap/draggable"[39m[33m;[39m
 [90m   |[39m [31m[1m^[22m[39m[31m[1m^[22m[39m[31m[1m^[22m[39m[31m[1m^[22m[39m[31m[1m^[22m[39m[31m[1m^[22m[39m[31m[1m^[22m[39m[31m[1m^[22m[39m[31m[1m^[22m[39m[31m[1m^[22m[39m[31m[1m^[22m[39m[31m[1m^[22m[39m[31m[1m^[22m[39m[31m[1m^[22m[39m[31m[1m^[22m[39m[31m[1m^[22m[39m[31m[1m^[22m[39m[31m[1m^[22m[39m[31m[1m^[22m[39m[31m[1m^[22m[39m[31m[1m^[22m[39m[31m[1m^[22m[39m[31m[1m^[22m[39m[31m[1m^[22m[39m[31m[1m^[22m[39m[31m[1m^[22m[39m[31m[1m^[22m[39m[31m[1m^[22m[39m[31m[1m^[22m[39m[31m[1m^[22m[39m[31m[1m^[22m[39m[31m[1m^[22m[39m[31m[1m^[22m[39m[31m[1m^[22m[39m[31m[1m^[22m[39m[31m[1m^[22m[39m[31m[1m^[22m[39m
 [90m 7 |[39m [36mimport[39m { [33mScrollTrigger[39m } [36mfrom[39m [32m"gsap/ScrollTrigger"[39m[33m;[39m
 [90m 8 |[39m [36mimport[39m [33mSplitText[39m [36mfrom[39m [32m"@/components/typography/SplitText"[39m[33m;[39m
 [90m 9 |[39m [36mimport[39m { useSplitScale } [36mfrom[39m [32m"@/components/typography/useSplitScale"[39m[33m;[39m[0m



Import trace:
  Server Component:
    ./src/components/sections/ModellSection.tsx
    ./src/app/page.tsx

https://nextjs.org/docs/messages/module-not-found


тип ./src/components/sections/ModellSection.tsx:5:27
Module not found: Can't resolve 'gsap/draggable'
[0m [90m 3 |[39m [36mimport[39m { useEffect[33m,[39m useRef } [36mfrom[39m [32m"react"[39m[33m;[39m
 [90m 4 |[39m [36mimport[39m { useGSAP } [36mfrom[39m [32m"@gsap/react"[39m[33m;[39m
[31m[1m>[22m[39m[90m 5 |[39m [36mimport[39m { gsap } [36mfrom[39m [32m"gsap"[39m[33m;[39m
 [90m   |[39m                           [31m[1m^[22m[39m[31m[1m^[22m[39m
[31m[1m>[22m[39m[90m 6 |[39m [36mimport[39m [33mDraggable[39m [36mfrom[39m [32m"gsap/draggable"[39m[33m;[39m
 [90m   |[39m [31m[1m^[22m[39m[31m[1m^[22m[39m[31m[1m^[22m[39m[31m[1m^[22m[39m[31m[1m^[22m[39m[31m[1m^[22m[39m[31m[1m^[22m[39m[31m[1m^[22m[39m[31m[1m^[22m[39m[31m[1m^[22m[39m[31m[1m^[22m[39m[31m[1m^[22m[39m[31m[1m^[22m[39m[31m[1m^[22m[39m[31m[1m^[22m[39m[31m[1m^[22m[39m[31m[1m^[22m[39m[31m[1m^[22m[39m[31m[1m^[22m[39m[31m[1m^[22m[39m[31m[1m^[22m[39m[31m[1m^[22m[39m[31m[1m^[22m[39m[31m[1m^[22m[39m[31m[1m^[22m[39m[31m[1m^[22m[39m[31m[1m^[22m[39m[31m[1m^[22m[39m[31m[1m^[22m[39m[31m[1m^[22m[39m[31m[1m^[22m[39m[31m[1m^[22m[39m[31m[1m^[22m[39m[31m[1m^[22m[39m[31m[1m^[22m[39m[31m[1m^[22m[39m[31m[1m^[22m[39m
 [90m 7 |[39m [36mimport[39m { [33mScrollTrigger[39m } [36mfrom[39m [32m"gsap/ScrollTrigger"[39m[33m;[39m
 [90m 8 |[39m [36mimport[39m [33mSplitText[39m [36mfrom[39m [32m"@/components/typography/SplitText"[39m[33m;[39m
 [90m 9 |[39m [36mimport[39m { useSplitScale } [36mfrom[39m [32m"@/components/typography/useSplitScale"[39m[33m;[39m[0m



Import trace:
  Server Component:
    ./src/components/sections/ModellSection.tsx
    ./src/app/page.tsx

https://nextjs.org/docs/messages/module-not-found


тип ./src/components/sections/ModellSection.tsx:5:27
Module not found: Can't resolve 'gsap/draggable'
[0m [90m 3 |[39m [36mimport[39m { useEffect[33m,[39m useRef } [36mfrom[39m [32m"react"[39m[33m;[39m
 [90m 4 |[39m [36mimport[39m { useGSAP } [36mfrom[39m [32m"@gsap/react"[39m[33m;[39m
[31m[1m>[22m[39m[90m 5 |[39m [36mimport[39m { gsap } [36mfrom[39m [32m"gsap"[39m[33m;[39m
 [90m   |[39m                           [31m[1m^[22m[39m[31m[1m^[22m[39m
[31m[1m>[22m[39m[90m 6 |[39m [36mimport[39m [33mDraggable[39m [36mfrom[39m [32m"gsap/draggable"[39m[33m;[39m
 [90m   |[39m [31m[1m^[22m[39m[31m[1m^[22m[39m[31m[1m^[22m[39m[31m[1m^[22m[39m[31m[1m^[22m[39m[31m[1m^[22m[39m[31m[1m^[22m[39m[31m[1m^[22m[39m[31m[1m^[22m[39m[31m[1m^[22m[39m[31m[1m^[22m[39m[31m[1m^[22m[39m[31m[1m^[22m[39m[31m[1m^[22m[39m[31m[1m^[22m[39m[31m[1m^[22m[39m[31m[1m^[22m[39m[31m[1m^[22m[39m[31m[1m^[22m[39m[31m[1m^[22m[39m[31m[1m^[22m[39m[31m[1m^[22m[39m[31m[1m^[22m[39m[31m[1m^[22m[39m[31m[1m^[22m[39m[31m[1m^[22m[39m[31m[1m^[22m[39m[31m[1m^[22m[39m[31m[1m^[22m[39m[31m[1m^[22m[39m[31m[1m^[22m[39m[31m[1m^[22m[39m[31m[1m^[22m[39m[31m[1m^[22m[39m[31m[1m^[22m[39m[31m[1m^[22m[39m[31m[1m^[22m[39m
 [90m 7 |[39m [36mimport[39m { [33mScrollTrigger[39m } [36mfrom[39m [32m"gsap/ScrollTrigger"[39m[33m;[39m
 [90m 8 |[39m [36mimport[39m [33mSplitText[39m [36mfrom[39m [32m"@/components/typography/SplitText"[39m[33m;[39m
 [90m 9 |[39m [36mimport[39m { useSplitScale } [36mfrom[39m [32m"@/components/typography/useSplitScale"[39m[33m;[39m[0m



Import trace:
  Server Component:
    ./src/components/sections/ModellSection.tsx
    ./src/app/page.tsx

https://nextjs.org/docs/messages/module-not-found


тип ./src/components/sections/ModellSection.tsx:5:27
Module not found: Can't resolve 'gsap/draggable'
[0m [90m 3 |[39m [36mimport[39m { useEffect[33m,[39m useRef } [36mfrom[39m [32m"react"[39m[33m;[39m
 [90m 4 |[39m [36mimport[39m { useGSAP } [36mfrom[39m [32m"@gsap/react"[39m[33m;[39m
[31m[1m>[22m[39m[90m 5 |[39m [36mimport[39m { gsap } [36mfrom[39m [32m"gsap"[39m[33m;[39m
 [90m   |[39m                           [31m[1m^[22m[39m[31m[1m^[22m[39m
[31m[1m>[22m[39m[90m 6 |[39m [36mimport[39m [33mDraggable[39m [36mfrom[39m [32m"gsap/draggable"[39m[33m;[39m
 [90m   |[39m [31m[1m^[22m[39m[31m[1m^[22m[39m[31m[1m^[22m[39m[31m[1m^[22m[39m[31m[1m^[22m[39m[31m[1m^[22m[39m[31m[1m^[22m[39m[31m[1m^[22m[39m[31m[1m^[22m[39m[31m[1m^[22m[39m[31m[1m^[22m[39m[31m[1m^[22m[39m[31m[1m^[22m[39m[31m[1m^[22m[39m[31m[1m^[22m[39m[31m[1m^[22m[39m[31m[1m^[22m[39m[31m[1m^[22m[39m[31m[1m^[22m[39m[31m[1m^[22m[39m[31m[1m^[22m[39m[31m[1m^[22m[39m[31m[1m^[22m[39m[31m[1m^[22m[39m[31m[1m^[22m[39m[31m[1m^[22m[39m[31m[1m^[22m[39m[31m[1m^[22m[39m[31m[1m^[22m[39m[31m[1m^[22m[39m[31m[1m^[22m[39m[31m[1m^[22m[39m[31m[1m^[22m[39m[31m[1m^[22m[39m[31m[1m^[22m[39m[31m[1m^[22m[39m[31m[1m^[22m[39m
 [90m 7 |[39m [36mimport[39m { [33mScrollTrigger[39m } [36mfrom[39m [32m"gsap/ScrollTrigger"[39m[33m;[39m
 [90m 8 |[39m [36mimport[39m [33mSplitText[39m [36mfrom[39m [32m"@/components/typography/SplitText"[39m[33m;[39m
 [90m 9 |[39m [36mimport[39m { useSplitScale } [36mfrom[39m [32m"@/components/typography/useSplitScale"[39m[33m;[39m[0m



Import trace:
  Server Component:
    ./src/components/sections/ModellSection.tsx
    ./src/app/page.tsx

https://nextjs.org/docs/messages/module-not-found


тип ./src/components/sections/ModellSection.tsx:5:27
Module not found: Can't resolve 'gsap/draggable'
[0m [90m 3 |[39m [36mimport[39m { useEffect[33m,[39m useRef } [36mfrom[39m [32m"react"[39m[33m;[39m
 [90m 4 |[39m [36mimport[39m { useGSAP } [36mfrom[39m [32m"@gsap/react"[39m[33m;[39m
[31m[1m>[22m[39m[90m 5 |[39m [36mimport[39m { gsap } [36mfrom[39m [32m"gsap"[39m[33m;[39m
 [90m   |[39m                           [31m[1m^[22m[39m[31m[1m^[22m[39m
[31m[1m>[22m[39m[90m 6 |[39m [36mimport[39m [33mDraggable[39m [36mfrom[39m [32m"gsap/draggable"[39m[33m;[39m
 [90m   |[39m [31m[1m^[22m[39m[31m[1m^[22m[39m[31m[1m^[22m[39m[31m[1m^[22m[39m[31m[1m^[22m[39m[31m[1m^[22m[39m[31m[1m^[22m[39m[31m[1m^[22m[39m[31m[1m^[22m[39m[31m[1m^[22m[39m[31m[1m^[22m[39m[31m[1m^[22m[39m[31m[1m^[22m[39m[31m[1m^[22m[39m[31m[1m^[22m[39m[31m[1m^[22m[39m[31m[1m^[22m[39m[31m[1m^[22m[39m[31m[1m^[22m[39m[31m[1m^[22m[39m[31m[1m^[22m[39m[31m[1m^[22m[39m[31m[1m^[22m[39m[31m[1m^[22m[39m[31m[1m^[22m[39m[31m[1m^[22m[39m[31m[1m^[22m[39m[31m[1m^[22m[39m[31m[1m^[22m[39m[31m[1m^[22m[39m[31m[1m^[22m[39m[31m[1m^[22m[39m[31m[1m^[22m[39m[31m[1m^[22m[39m[31m[1m^[22m[39m[31m[1m^[22m[39m[31m[1m^[22m[39m
 [90m 7 |[39m [36mimport[39m { [33mScrollTrigger[39m } [36mfrom[39m [32m"gsap/ScrollTrigger"[39m[33m;[39m
 [90m 8 |[39m [36mimport[39m [33mSplitText[39m [36mfrom[39m [32m"@/components/typography/SplitText"[39m[33m;[39m
 [90m 9 |[39m [36mimport[39m { useSplitScale } [36mfrom[39m [32m"@/components/typography/useSplitScale"[39m[33m;[39m[0m



Import trace:
  Server Component:
    ./src/components/sections/ModellSection.tsx
    ./src/app/page.tsx

https://nextjs.org/docs/messages/module-not-found


тип ./src/components/sections/ModellSection.tsx:5:27
Module not found: Can't resolve 'gsap/draggable'
[0m [90m 3 |[39m [36mimport[39m { useEffect[33m,[39m useRef } [36mfrom[39m [32m"react"[39m[33m;[39m
 [90m 4 |[39m [36mimport[39m { useGSAP } [36mfrom[39m [32m"@gsap/react"[39m[33m;[39m
[31m[1m>[22m[39m[90m 5 |[39m [36mimport[39m { gsap } [36mfrom[39m [32m"gsap"[39m[33m;[39m
 [90m   |[39m                           [31m[1m^[22m[39m[31m[1m^[22m[39m
[31m[1m>[22m[39m[90m 6 |[39m [36mimport[39m [33mDraggable[39m [36mfrom[39m [32m"gsap/draggable"[39m[33m;[39m
 [90m   |[39m [31m[1m^[22m[39m[31m[1m^[22m[39m[31m[1m^[22m[39m[31m[1m^[22m[39m[31m[1m^[22m[39m[31m[1m^[22m[39m[31m[1m^[22m[39m[31m[1m^[22m[39m[31m[1m^[22m[39m[31m[1m^[22m[39m[31m[1m^[22m[39m[31m[1m^[22m[39m[31m[1m^[22m[39m[31m[1m^[22m[39m[31m[1m^[22m[39m[31m[1m^[22m[39m[31m[1m^[22m[39m[31m[1m^[22m[39m[31m[1m^[22m[39m[31m[1m^[22m[39m[31m[1m^[22m[39m[31m[1m^[22m[39m[31m[1m^[22m[39m[31m[1m^[22m[39m[31m[1m^[22m[39m[31m[1m^[22m[39m[31m[1m^[22m[39m[31m[1m^[22m[39m[31m[1m^[22m[39m[31m[1m^[22m[39m[31m[1m^[22m[39m[31m[1m^[22m[39m[31m[1m^[22m[39m[31m[1m^[22m[39m[31m[1m^[22m[39m[31m[1m^[22m[39m[31m[1m^[22m[39m
 [90m 7 |[39m [36mimport[39m { [33mScrollTrigger[39m } [36mfrom[39m [32m"gsap/ScrollTrigger"[39m[33m;[39m
 [90m 8 |[39m [36mimport[39m [33mSplitText[39m [36mfrom[39m [32m"@/components/typography/SplitText"[39m[33m;[39m
 [90m 9 |[39m [36mimport[39m { useSplitScale } [36mfrom[39m [32m"@/components/typography/useSplitScale"[39m[33m;[39m[0m



Import trace:
  Server Component:
    ./src/components/sections/ModellSection.tsx
    ./src/app/page.tsx

https://nextjs.org/docs/messages/module-not-found


тип ./src/components/sections/ModellSection.tsx:5:27
Module not found: Can't resolve 'gsap/draggable'
[0m [90m 3 |[39m [36mimport[39m { useEffect[33m,[39m useRef } [36mfrom[39m [32m"react"[39m[33m;[39m
 [90m 4 |[39m [36mimport[39m { useGSAP } [36mfrom[39m [32m"@gsap/react"[39m[33m;[39m
[31m[1m>[22m[39m[90m 5 |[39m [36mimport[39m { gsap } [36mfrom[39m [32m"gsap"[39m[33m;[39m
 [90m   |[39m                           [31m[1m^[22m[39m[31m[1m^[22m[39m
[31m[1m>[22m[39m[90m 6 |[39m [36mimport[39m [33mDraggable[39m [36mfrom[39m [32m"gsap/draggable"[39m[33m;[39m
 [90m   |[39m [31m[1m^[22m[39m[31m[1m^[22m[39m[31m[1m^[22m[39m[31m[1m^[22m[39m[31m[1m^[22m[39m[31m[1m^[22m[39m[31m[1m^[22m[39m[31m[1m^[22m[39m[31m[1m^[22m[39m[31m[1m^[22m[39m[31m[1m^[22m[39m[31m[1m^[22m[39m[31m[1m^[22m[39m[31m[1m^[22m[39m[31m[1m^[22m[39m[31m[1m^[22m[39m[31m[1m^[22m[39m[31m[1m^[22m[39m[31m[1m^[22m[39m[31m[1m^[22m[39m[31m[1m^[22m[39m[31m[1m^[22m[39m[31m[1m^[22m[39m[31m[1m^[22m[39m[31m[1m^[22m[39m[31m[1m^[22m[39m[31m[1m^[22m[39m[31m[1m^[22m[39m[31m[1m^[22m[39m[31m[1m^[22m[39m[31m[1m^[22m[39m[31m[1m^[22m[39m[31m[1m^[22m[39m[31m[1m^[22m[39m[31m[1m^[22m[39m[31m[1m^[22m[39m[31m[1m^[22m[39m
 [90m 7 |[39m [36mimport[39m { [33mScrollTrigger[39m } [36mfrom[39m [32m"gsap/ScrollTrigger"[39m[33m;[39m
 [90m 8 |[39m [36mimport[39m [33mSplitText[39m [36mfrom[39m [32m"@/components/typography/SplitText"[39m[33m;[39m
 [90m 9 |[39m [36mimport[39m { useSplitScale } [36mfrom[39m [32m"@/components/typography/useSplitScale"[39m[33m;[39m[0m



Import trace:
  Server Component:
    ./src/components/sections/ModellSection.tsx
    ./src/app/page.tsx

https://nextjs.org/docs/messages/module-not-found


тип ./src/components/sections/ModellSection.tsx:5:27
Module not found: Can't resolve 'gsap/draggable'
[0m [90m 3 |[39m [36mimport[39m { useEffect[33m,[39m useRef } [36mfrom[39m [32m"react"[39m[33m;[39m
 [90m 4 |[39m [36mimport[39m { useGSAP } [36mfrom[39m [32m"@gsap/react"[39m[33m;[39m
[31m[1m>[22m[39m[90m 5 |[39m [36mimport[39m { gsap } [36mfrom[39m [32m"gsap"[39m[33m;[39m
 [90m   |[39m                           [31m[1m^[22m[39m[31m[1m^[22m[39m
[31m[1m>[22m[39m[90m 6 |[39m [36mimport[39m [33mDraggable[39m [36mfrom[39m [32m"gsap/draggable"[39m[33m;[39m
 [90m   |[39m [31m[1m^[22m[39m[31m[1m^[22m[39m[31m[1m^[22m[39m[31m[1m^[22m[39m[31m[1m^[22m[39m[31m[1m^[22m[39m[31m[1m^[22m[39m[31m[1m^[22m[39m[31m[1m^[22m[39m[31m[1m^[22m[39m[31m[1m^[22m[39m[31m[1m^[22m[39m[31m[1m^[22m[39m[31m[1m^[22m[39m[31m[1m^[22m[39m[31m[1m^[22m[39m[31m[1m^[22m[39m[31m[1m^[22m[39m[31m[1m^[22m[39m[31m[1m^[22m[39m[31m[1m^[22m[39m[31m[1m^[22m[39m[31m[1m^[22m[39m[31m[1m^[22m[39m[31m[1m^[22m[39m[31m[1m^[22m[39m[31m[1m^[22m[39m[31m[1m^[22m[39m[31m[1m^[22m[39m[31m[1m^[22m[39m[31m[1m^[22m[39m[31m[1m^[22m[39m[31m[1m^[22m[39m[31m[1m^[22m[39m[31m[1m^[22m[39m[31m[1m^[22m[39m[31m[1m^[22m[39m
 [90m 7 |[39m [36mimport[39m { [33mScrollTrigger[39m } [36mfrom[39m [32m"gsap/ScrollTrigger"[39m[33m;[39m
 [90m 8 |[39m [36mimport[39m [33mSplitText[39m [36mfrom[39m [32m"@/components/typography/SplitText"[39m[33m;[39m
 [90m 9 |[39m [36mimport[39m { useSplitScale } [36mfrom[39m [32m"@/components/typography/useSplitScale"[39m[33m;[39m[0m



Import trace:
  Server Component:
    ./src/components/sections/ModellSection.tsx
    ./src/app/page.tsx

https://nextjs.org/docs/messages/module-not-found


тип ./src/components/sections/ModellSection.tsx:5:27
Module not found: Can't resolve 'gsap/draggable'
[0m [90m 3 |[39m [36mimport[39m { useEffect[33m,[39m useRef } [36mfrom[39m [32m"react"[39m[33m;[39m
 [90m 4 |[39m [36mimport[39m { useGSAP } [36mfrom[39m [32m"@gsap/react"[39m[33m;[39m
[31m[1m>[22m[39m[90m 5 |[39m [36mimport[39m { gsap } [36mfrom[39m [32m"gsap"[39m[33m;[39m
 [90m   |[39m                           [31m[1m^[22m[39m[31m[1m^[22m[39m
[31m[1m>[22m[39m[90m 6 |[39m [36mimport[39m [33mDraggable[39m [36mfrom[39m [32m"gsap/draggable"[39m[33m;[39m
 [90m   |[39m [31m[1m^[22m[39m[31m[1m^[22m[39m[31m[1m^[22m[39m[31m[1m^[22m[39m[31m[1m^[22m[39m[31m[1m^[22m[39m[31m[1m^[22m[39m[31m[1m^[22m[39m[31m[1m^[22m[39m[31m[1m^[22m[39m[31m[1m^[22m[39m[31m[1m^[22m[39m[31m[1m^[22m[39m[31m[1m^[22m[39m[31m[1m^[22m[39m[31m[1m^[22m[39m[31m[1m^[22m[39m[31m[1m^[22m[39m[31m[1m^[22m[39m[31m[1m^[22m[39m[31m[1m^[22m[39m[31m[1m^[22m[39m[31m[1m^[22m[39m[31m[1m^[22m[39m[31m[1m^[22m[39m[31m[1m^[22m[39m[31m[1m^[22m[39m[31m[1m^[22m[39m[31m[1m^[22m[39m[31m[1m^[22m[39m[31m[1m^[22m[39m[31m[1m^[22m[39m[31m[1m^[22m[39m[31m[1m^[22m[39m[31m[1m^[22m[39m[31m[1m^[22m[39m[31m[1m^[22m[39m
 [90m 7 |[39m [36mimport[39m { [33mScrollTrigger[39m } [36mfrom[39m [32m"gsap/ScrollTrigger"[39m[33m;[39m
 [90m 8 |[39m [36mimport[39m [33mSplitText[39m [36mfrom[39m [32m"@/components/typography/SplitText"[39m[33m;[39m
 [90m 9 |[39m [36mimport[39m { useSplitScale } [36mfrom[39m [32m"@/components/typography/useSplitScale"[39m[33m;[39m[0m



Import trace:
  Server Component:
    ./src/components/sections/ModellSection.tsx
    ./src/app/page.tsx

https://nextjs.org/docs/messages/module-not-found


тип ./src/components/sections/ModellSection.tsx:5:27
Module not found: Can't resolve 'gsap/draggable'
[0m [90m 3 |[39m [36mimport[39m { useEffect[33m,[39m useRef } [36mfrom[39m [32m"react"[39m[33m;[39m
 [90m 4 |[39m [36mimport[39m { useGSAP } [36mfrom[39m [32m"@gsap/react"[39m[33m;[39m
[31m[1m>[22m[39m[90m 5 |[39m [36mimport[39m { gsap } [36mfrom[39m [32m"gsap"[39m[33m;[39m
 [90m   |[39m                           [31m[1m^[22m[39m[31m[1m^[22m[39m
[31m[1m>[22m[39m[90m 6 |[39m [36mimport[39m [33mDraggable[39m [36mfrom[39m [32m"gsap/draggable"[39m[33m;[39m
 [90m   |[39m [31m[1m^[22m[39m[31m[1m^[22m[39m[31m[1m^[22m[39m[31m[1m^[22m[39m[31m[1m^[22m[39m[31m[1m^[22m[39m[31m[1m^[22m[39m[31m[1m^[22m[39m[31m[1m^[22m[39m[31m[1m^[22m[39m[31m[1m^[22m[39m[31m[1m^[22m[39m[31m[1m^[22m[39m[31m[1m^[22m[39m[31m[1m^[22m[39m[31m[1m^[22m[39m[31m[1m^[22m[39m[31m[1m^[22m[39m[31m[1m^[22m[39m[31m[1m^[22m[39m[31m[1m^[22m[39m[31m[1m^[22m[39m[31m[1m^[22m[39m[31m[1m^[22m[39m[31m[1m^[22m[39m[31m[1m^[22m[39m[31m[1m^[22m[39m[31m[1m^[22m[39m[31m[1m^[22m[39m[31m[1m^[22m[39m[31m[1m^[22m[39m[31m[1m^[22m[39m[31m[1m^[22m[39m[31m[1m^[22m[39m[31m[1m^[22m[39m[31m[1m^[22m[39m[31m[1m^[22m[39m
 [90m 7 |[39m [36mimport[39m { [33mScrollTrigger[39m } [36mfrom[39m [32m"gsap/ScrollTrigger"[39m[33m;[39m
 [90m 8 |[39m [36mimport[39m [33mSplitText[39m [36mfrom[39m [32m"@/components/typography/SplitText"[39m[33m;[39m
 [90m 9 |[39m [36mimport[39m { useSplitScale } [36mfrom[39m [32m"@/components/typography/useSplitScale"[39m[33m;[39m[0m



Import trace:
  Server Component:
    ./src/components/sections/ModellSection.tsx
    ./src/app/page.tsx

https://nextjs.org/docs/messages/module-not-found


тип ./src/components/sections/ModellSection.tsx:5:27
Module not found: Can't resolve 'gsap/draggable'
[0m [90m 3 |[39m [36mimport[39m { useEffect[33m,[39m useRef } [36mfrom[39m [32m"react"[39m[33m;[39m
 [90m 4 |[39m [36mimport[39m { useGSAP } [36mfrom[39m [32m"@gsap/react"[39m[33m;[39m
[31m[1m>[22m[39m[90m 5 |[39m [36mimport[39m { gsap } [36mfrom[39m [32m"gsap"[39m[33m;[39m
 [90m   |[39m                           [31m[1m^[22m[39m[31m[1m^[22m[39m
[31m[1m>[22m[39m[90m 6 |[39m [36mimport[39m [33mDraggable[39m [36mfrom[39m [32m"gsap/draggable"[39m[33m;[39m
 [90m   |[39m [31m[1m^[22m[39m[31m[1m^[22m[39m[31m[1m^[22m[39m[31m[1m^[22m[39m[31m[1m^[22m[39m[31m[1m^[22m[39m[31m[1m^[22m[39m[31m[1m^[22m[39m[31m[1m^[22m[39m[31m[1m^[22m[39m[31m[1m^[22m[39m[31m[1m^[22m[39m[31m[1m^[22m[39m[31m[1m^[22m[39m[31m[1m^[22m[39m[31m[1m^[22m[39m[31m[1m^[22m[39m[31m[1m^[22m[39m[31m[1m^[22m[39m[31m[1m^[22m[39m[31m[1m^[22m[39m[31m[1m^[22m[39m[31m[1m^[22m[39m[31m[1m^[22m[39m[31m[1m^[22m[39m[31m[1m^[22m[39m[31m[1m^[22m[39m[31m[1m^[22m[39m[31m[1m^[22m[39m[31m[1m^[22m[39m[31m[1m^[22m[39m[31m[1m^[22m[39m[31m[1m^[22m[39m[31m[1m^[22m[39m[31m[1m^[22m[39m[31m[1m^[22m[39m[31m[1m^[22m[39m
 [90m 7 |[39m [36mimport[39m { [33mScrollTrigger[39m } [36mfrom[39m [32m"gsap/ScrollTrigger"[39m[33m;[39m
 [90m 8 |[39m [36mimport[39m [33mSplitText[39m [36mfrom[39m [32m"@/components/typography/SplitText"[39m[33m;[39m
 [90m 9 |[39m [36mimport[39m { useSplitScale } [36mfrom[39m [32m"@/components/typography/useSplitScale"[39m[33m;[39m[0m



Import trace:
  Server Component:
    ./src/components/sections/ModellSection.tsx
    ./src/app/page.tsx

https://nextjs.org/docs/messages/module-not-found


тип ./src/components/sections/ModellSection.tsx:5:27
Module not found: Can't resolve 'gsap/draggable'
[0m [90m 3 |[39m [36mimport[39m { useEffect[33m,[39m useRef } [36mfrom[39m [32m"react"[39m[33m;[39m
 [90m 4 |[39m [36mimport[39m { useGSAP } [36mfrom[39m [32m"@gsap/react"[39m[33m;[39m
[31m[1m>[22m[39m[90m 5 |[39m [36mimport[39m { gsap } [36mfrom[39m [32m"gsap"[39m[33m;[39m
 [90m   |[39m                           [31m[1m^[22m[39m[31m[1m^[22m[39m
[31m[1m>[22m[39m[90m 6 |[39m [36mimport[39m [33mDraggable[39m [36mfrom[39m [32m"gsap/draggable"[39m[33m;[39m
 [90m   |[39m [31m[1m^[22m[39m[31m[1m^[22m[39m[31m[1m^[22m[39m[31m[1m^[22m[39m[31m[1m^[22m[39m[31m[1m^[22m[39m[31m[1m^[22m[39m[31m[1m^[22m[39m[31m[1m^[22m[39m[31m[1m^[22m[39m[31m[1m^[22m[39m[31m[1m^[22m[39m[31m[1m^[22m[39m[31m[1m^[22m[39m[31m[1m^[22m[39m[31m[1m^[22m[39m[31m[1m^[22m[39m[31m[1m^[22m[39m[31m[1m^[22m[39m[31m[1m^[22m[39m[31m[1m^[22m[39m[31m[1m^[22m[39m[31m[1m^[22m[39m[31m[1m^[22m[39m[31m[1m^[22m[39m[31m[1m^[22m[39m[31m[1m^[22m[39m[31m[1m^[22m[39m[31m[1m^[22m[39m[31m[1m^[22m[39m[31m[1m^[22m[39m[31m[1m^[22m[39m[31m[1m^[22m[39m[31m[1m^[22m[39m[31m[1m^[22m[39m[31m[1m^[22m[39m[31m[1m^[22m[39m
 [90m 7 |[39m [36mimport[39m { [33mScrollTrigger[39m } [36mfrom[39m [32m"gsap/ScrollTrigger"[39m[33m;[39m
 [90m 8 |[39m [36mimport[39m [33mSplitText[39m [36mfrom[39m [32m"@/components/typography/SplitText"[39m[33m;[39m
 [90m 9 |[39m [36mimport[39m { useSplitScale } [36mfrom[39m [32m"@/components/typography/useSplitScale"[39m[33m;[39m[0m



Import trace:
  Server Component:
    ./src/components/sections/ModellSection.tsx
    ./src/app/page.tsx

https://nextjs.org/docs/messages/module-not-found


тип ./src/components/sections/ModellSection.tsx:5:27
Module not found: Can't resolve 'gsap/draggable'
[0m [90m 3 |[39m [36mimport[39m { useEffect[33m,[39m useRef } [36mfrom[39m [32m"react"[39m[33m;[39m
 [90m 4 |[39m [36mimport[39m { useGSAP } [36mfrom[39m [32m"@gsap/react"[39m[33m;[39m
[31m[1m>[22m[39m[90m 5 |[39m [36mimport[39m { gsap } [36mfrom[39m [32m"gsap"[39m[33m;[39m
 [90m   |[39m                           [31m[1m^[22m[39m[31m[1m^[22m[39m
[31m[1m>[22m[39m[90m 6 |[39m [36mimport[39m [33mDraggable[39m [36mfrom[39m [32m"gsap/draggable"[39m[33m;[39m
 [90m   |[39m [31m[1m^[22m[39m[31m[1m^[22m[39m[31m[1m^[22m[39m[31m[1m^[22m[39m[31m[1m^[22m[39m[31m[1m^[22m[39m[31m[1m^[22m[39m[31m[1m^[22m[39m[31m[1m^[22m[39m[31m[1m^[22m[39m[31m[1m^[22m[39m[31m[1m^[22m[39m[31m[1m^[22m[39m[31m[1m^[22m[39m[31m[1m^[22m[39m[31m[1m^[22m[39m[31m[1m^[22m[39m[31m[1m^[22m[39m[31m[1m^[22m[39m[31m[1m^[22m[39m[31m[1m^[22m[39m[31m[1m^[22m[39m[31m[1m^[22m[39m[31m[1m^[22m[39m[31m[1m^[22m[39m[31m[1m^[22m[39m[31m[1m^[22m[39m[31m[1m^[22m[39m[31m[1m^[22m[39m[31m[1m^[22m[39m[31m[1m^[22m[39m[31m[1m^[22m[39m[31m[1m^[22m[39m[31m[1m^[22m[39m[31m[1m^[22m[39m[31m[1m^[22m[39m[31m[1m^[22m[39m
 [90m 7 |[39m [36mimport[39m { [33mScrollTrigger[39m } [36mfrom[39m [32m"gsap/ScrollTrigger"[39m[33m;[39m
 [90m 8 |[39m [36mimport[39m [33mSplitText[39m [36mfrom[39m [32m"@/components/typography/SplitText"[39m[33m;[39m
 [90m 9 |[39m [36mimport[39m { useSplitScale } [36mfrom[39m [32m"@/components/typography/useSplitScale"[39m[33m;[39m[0m



Import trace:
  Server Component:
    ./src/components/sections/ModellSection.tsx
    ./src/app/page.tsx

https://nextjs.org/docs/messages/module-not-found


тип ./src/components/sections/ModellSection.tsx:5:27
Module not found: Can't resolve 'gsap/draggable'
[0m [90m 3 |[39m [36mimport[39m { useEffect[33m,[39m useRef } [36mfrom[39m [32m"react"[39m[33m;[39m
 [90m 4 |[39m [36mimport[39m { useGSAP } [36mfrom[39m [32m"@gsap/react"[39m[33m;[39m
[31m[1m>[22m[39m[90m 5 |[39m [36mimport[39m { gsap } [36mfrom[39m [32m"gsap"[39m[33m;[39m
 [90m   |[39m                           [31m[1m^[22m[39m[31m[1m^[22m[39m
[31m[1m>[22m[39m[90m 6 |[39m [36mimport[39m [33mDraggable[39m [36mfrom[39m [32m"gsap/draggable"[39m[33m;[39m
 [90m   |[39m [31m[1m^[22m[39m[31m[1m^[22m[39m[31m[1m^[22m[39m[31m[1m^[22m[39m[31m[1m^[22m[39m[31m[1m^[22m[39m[31m[1m^[22m[39m[31m[1m^[22m[39m[31m[1m^[22m[39m[31m[1m^[22m[39m[31m[1m^[22m[39m[31m[1m^[22m[39m[31m[1m^[22m[39m[31m[1m^[22m[39m[31m[1m^[22m[39m[31m[1m^[22m[39m[31m[1m^[22m[39m[31m[1m^[22m[39m[31m[1m^[22m[39m[31m[1m^[22m[39m[31m[1m^[22m[39m[31m[1m^[22m[39m[31m[1m^[22m[39m[31m[1m^[22m[39m[31m[1m^[22m[39m[31m[1m^[22m[39m[31m[1m^[22m[39m[31m[1m^[22m[39m[31m[1m^[22m[39m[31m[1m^[22m[39m[31m[1m^[22m[39m[31m[1m^[22m[39m[31m[1m^[22m[39m[31m[1m^[22m[39m[31m[1m^[22m[39m[31m[1m^[22m[39m[31m[1m^[22m[39m
 [90m 7 |[39m [36mimport[39m { [33mScrollTrigger[39m } [36mfrom[39m [32m"gsap/ScrollTrigger"[39m[33m;[39m
 [90m 8 |[39m [36mimport[39m [33mSplitText[39m [36mfrom[39m [32m"@/components/typography/SplitText"[39m[33m;[39m
 [90m 9 |[39m [36mimport[39m { useSplitScale } [36mfrom[39m [32m"@/components/typography/useSplitScale"[39m[33m;[39m[0m



Import trace:
  Server Component:
    ./src/components/sections/ModellSection.tsx
    ./src/app/page.tsx

https://nextjs.org/docs/messages/module-not-found


тип ./src/components/sections/ModellSection.tsx:5:27
Module not found: Can't resolve 'gsap/draggable'
[0m [90m 3 |[39m [36mimport[39m { useEffect[33m,[39m useRef } [36mfrom[39m [32m"react"[39m[33m;[39m
 [90m 4 |[39m [36mimport[39m { useGSAP } [36mfrom[39m [32m"@gsap/react"[39m[33m;[39m
[31m[1m>[22m[39m[90m 5 |[39m [36mimport[39m { gsap } [36mfrom[39m [32m"gsap"[39m[33m;[39m
 [90m   |[39m                           [31m[1m^[22m[39m[31m[1m^[22m[39m
[31m[1m>[22m[39m[90m 6 |[39m [36mimport[39m [33mDraggable[39m [36mfrom[39m [32m"gsap/draggable"[39m[33m;[39m
 [90m   |[39m [31m[1m^[22m[39m[31m[1m^[22m[39m[31m[1m^[22m[39m[31m[1m^[22m[39m[31m[1m^[22m[39m[31m[1m^[22m[39m[31m[1m^[22m[39m[31m[1m^[22m[39m[31m[1m^[22m[39m[31m[1m^[22m[39m[31m[1m^[22m[39m[31m[1m^[22m[39m[31m[1m^[22m[39m[31m[1m^[22m[39m[31m[1m^[22m[39m[31m[1m^[22m[39m[31m[1m^[22m[39m[31m[1m^[22m[39m[31m[1m^[22m[39m[31m[1m^[22m[39m[31m[1m^[22m[39m[31m[1m^[22m[39m[31m[1m^[22m[39m[31m[1m^[22m[39m[31m[1m^[22m[39m[31m[1m^[22m[39m[31m[1m^[22m[39m[31m[1m^[22m[39m[31m[1m^[22m[39m[31m[1m^[22m[39m[31m[1m^[22m[39m[31m[1m^[22m[39m[31m[1m^[22m[39m[31m[1m^[22m[39m[31m[1m^[22m[39m[31m[1m^[22m[39m[31m[1m^[22m[39m
 [90m 7 |[39m [36mimport[39m { [33mScrollTrigger[39m } [36mfrom[39m [32m"gsap/ScrollTrigger"[39m[33m;[39m
 [90m 8 |[39m [36mimport[39m [33mSplitText[39m [36mfrom[39m [32m"@/components/typography/SplitText"[39m[33m;[39m
 [90m 9 |[39m [36mimport[39m { useSplitScale } [36mfrom[39m [32m"@/components/typography/useSplitScale"[39m[33m;[39m[0m



Import trace:
  Server Component:
    ./src/components/sections/ModellSection.tsx
    ./src/app/page.tsx

https://nextjs.org/docs/messages/module-not-found


тип ./src/components/sections/ModellSection.tsx:5:27
Module not found: Can't resolve 'gsap/draggable'
[0m [90m 3 |[39m [36mimport[39m { useEffect[33m,[39m useRef } [36mfrom[39m [32m"react"[39m[33m;[39m
 [90m 4 |[39m [36mimport[39m { useGSAP } [36mfrom[39m [32m"@gsap/react"[39m[33m;[39m
[31m[1m>[22m[39m[90m 5 |[39m [36mimport[39m { gsap } [36mfrom[39m [32m"gsap"[39m[33m;[39m
 [90m   |[39m                           [31m[1m^[22m[39m[31m[1m^[22m[39m
[31m[1m>[22m[39m[90m 6 |[39m [36mimport[39m [33mDraggable[39m [36mfrom[39m [32m"gsap/draggable"[39m[33m;[39m
 [90m   |[39m [31m[1m^[22m[39m[31m[1m^[22m[39m[31m[1m^[22m[39m[31m[1m^[22m[39m[31m[1m^[22m[39m[31m[1m^[22m[39m[31m[1m^[22m[39m[31m[1m^[22m[39m[31m[1m^[22m[39m[31m[1m^[22m[39m[31m[1m^[22m[39m[31m[1m^[22m[39m[31m[1m^[22m[39m[31m[1m^[22m[39m[31m[1m^[22m[39m[31m[1m^[22m[39m[31m[1m^[22m[39m[31m[1m^[22m[39m[31m[1m^[22m[39m[31m[1m^[22m[39m[31m[1m^[22m[39m[31m[1m^[22m[39m[31m[1m^[22m[39m[31m[1m^[22m[39m[31m[1m^[22m[39m[31m[1m^[22m[39m[31m[1m^[22m[39m[31m[1m^[22m[39m[31m[1m^[22m[39m[31m[1m^[22m[39m[31m[1m^[22m[39m[31m[1m^[22m[39m[31m[1m^[22m[39m[31m[1m^[22m[39m[31m[1m^[22m[39m[31m[1m^[22m[39m[31m[1m^[22m[39m
 [90m 7 |[39m [36mimport[39m { [33mScrollTrigger[39m } [36mfrom[39m [32m"gsap/ScrollTrigger"[39m[33m;[39m
 [90m 8 |[39m [36mimport[39m [33mSplitText[39m [36mfrom[39m [32m"@/components/typography/SplitText"[39m[33m;[39m
 [90m 9 |[39m [36mimport[39m { useSplitScale } [36mfrom[39m [32m"@/components/typography/useSplitScale"[39m[33m;[39m[0m



Import trace:
  Server Component:
    ./src/components/sections/ModellSection.tsx
    ./src/app/page.tsx

https://nextjs.org/docs/messages/module-not-found


тип ./src/components/sections/ModellSection.tsx:5:27
Module not found: Can't resolve 'gsap/draggable'
[0m [90m 3 |[39m [36mimport[39m { useEffect[33m,[39m useRef } [36mfrom[39m [32m"react"[39m[33m;[39m
 [90m 4 |[39m [36mimport[39m { useGSAP } [36mfrom[39m [32m"@gsap/react"[39m[33m;[39m
[31m[1m>[22m[39m[90m 5 |[39m [36mimport[39m { gsap } [36mfrom[39m [32m"gsap"[39m[33m;[39m
 [90m   |[39m                           [31m[1m^[22m[39m[31m[1m^[22m[39m
[31m[1m>[22m[39m[90m 6 |[39m [36mimport[39m [33mDraggable[39m [36mfrom[39m [32m"gsap/draggable"[39m[33m;[39m
 [90m   |[39m [31m[1m^[22m[39m[31m[1m^[22m[39m[31m[1m^[22m[39m[31m[1m^[22m[39m[31m[1m^[22m[39m[31m[1m^[22m[39m[31m[1m^[22m[39m[31m[1m^[22m[39m[31m[1m^[22m[39m[31m[1m^[22m[39m[31m[1m^[22m[39m[31m[1m^[22m[39m[31m[1m^[22m[39m[31m[1m^[22m[39m[31m[1m^[22m[39m[31m[1m^[22m[39m[31m[1m^[22m[39m[31m[1m^[22m[39m[31m[1m^[22m[39m[31m[1m^[22m[39m[31m[1m^[22m[39m[31m[1m^[22m[39m[31m[1m^[22m[39m[31m[1m^[22m[39m[31m[1m^[22m[39m[31m[1m^[22m[39m[31m[1m^[22m[39m[31m[1m^[22m[39m[31m[1m^[22m[39m[31m[1m^[22m[39m[31m[1m^[22m[39m[31m[1m^[22m[39m[31m[1m^[22m[39m[31m[1m^[22m[39m[31m[1m^[22m[39m[31m[1m^[22m[39m[31m[1m^[22m[39m
 [90m 7 |[39m [36mimport[39m { [33mScrollTrigger[39m } [36mfrom[39m [32m"gsap/ScrollTrigger"[39m[33m;[39m
 [90m 8 |[39m [36mimport[39m [33mSplitText[39m [36mfrom[39m [32m"@/components/typography/SplitText"[39m[33m;[39m
 [90m 9 |[39m [36mimport[39m { useSplitScale } [36mfrom[39m [32m"@/components/typography/useSplitScale"[39m[33m;[39m[0m



Import trace:
  Server Component:
    ./src/components/sections/ModellSection.tsx
    ./src/app/page.tsx

https://nextjs.org/docs/messages/module-not-found


тЪа Fast Refresh had to perform a full reload due to a runtime error.
